<?xml version="1.0" encoding="UTF-8"?>
<!-- Generated by org.testng.reporters.JUnitReportReporter -->
<testsuite skipped="0" hostname="user" name="Ebayauto.ebayautopom.NewTest" tests="1" failures="0" timestamp="25 Jun 2018 15:45:15 GMT" time="0.006" errors="0">
  <testcase name="f" time="0.006" classname="Ebayauto.ebayautopom.NewTest"/>
</testsuite> <!-- Ebayauto.ebayautopom.NewTest -->
